<?xml version="1.0" encoding="UTF-8"?>
<!-- Generated by org.testng.reporters.JUnitReportReporter -->
<testsuite name="RunMapTest.RunLugaresDeInteresLayerGroupVisualizationOneByOne" tests="1" time="56.254" ignored="0" failures="0" timestamp="24 ago 2020 22:37:37 GMT" skipped="0" hostname="DESKTOP-V05VKJF" errors="0">
  <testcase name="runScenario" time="56.254" classname="RunMapTest.RunLugaresDeInteresLayerGroupVisualizationOneByOne"/>
</testsuite> <!-- RunMapTest.RunLugaresDeInteresLayerGroupVisualizationOneByOne -->
