<?xml version="1.0" encoding="UTF-8"?>
<!-- Generated by org.testng.reporters.JUnitReportReporter -->
<testsuite name="RunMapTest.RunViewHospitalDetails" tests="1" time="41.913" ignored="0" failures="0" timestamp="02 sep 2020 16:03:01 GMT" skipped="0" hostname="DESKTOP-V05VKJF" errors="0">
  <testcase name="runScenario" time="41.913" classname="RunMapTest.RunViewHospitalDetails"/>
</testsuite> <!-- RunMapTest.RunViewHospitalDetails -->
