<?xml version="1.0" encoding="UTF-8"?>
<!-- Generated by org.testng.reporters.JUnitReportReporter -->
<testsuite name="RunMapTest.RunViewHospitalMenuDetails" tests="1" time="45.808" ignored="0" failures="0" timestamp="01 sep 2020 21:42:37 GMT" skipped="0" hostname="DESKTOP-V05VKJF" errors="0">
  <testcase name="runScenario" time="45.808" classname="RunMapTest.RunViewHospitalMenuDetails"/>
</testsuite> <!-- RunMapTest.RunViewHospitalMenuDetails -->
