<?xml version="1.0" encoding="UTF-8"?>
<!-- Generated by org.testng.reporters.JUnitReportReporter -->
<testsuite name="RunMapTest.RunElementsWithoutData" tests="1" time="48.685" ignored="0" failures="0" timestamp="24 ago 2020 22:35:06 GMT" skipped="0" hostname="DESKTOP-V05VKJF" errors="0">
  <testcase name="runScenario" time="48.685" classname="RunMapTest.RunElementsWithoutData"/>
</testsuite> <!-- RunMapTest.RunElementsWithoutData -->
