<?xml version="1.0" encoding="UTF-8"?>
<!-- Generated by org.testng.reporters.JUnitReportReporter -->
<testsuite name="RunMapTest.RunResetInicialPositionMap" tests="1" time="33.085" ignored="0" failures="0" timestamp="01 sep 2020 15:22:17 GMT" skipped="0" hostname="DESKTOP-V05VKJF" errors="0">
  <testcase name="runScenario" time="33.085" classname="RunMapTest.RunResetInicialPositionMap"/>
</testsuite> <!-- RunMapTest.RunResetInicialPositionMap -->
