<?xml version="1.0" encoding="UTF-8"?>
<!-- Generated by org.testng.reporters.JUnitReportReporter -->
<testsuite name="RunMapTest.RunLugaresDeInteresLayerVisualization" tests="1" time="50.462" ignored="0" failures="0" timestamp="17 ago 2020 16:35:29 GMT" skipped="0" hostname="DESKTOP-V05VKJF" errors="0">
  <testcase name="runScenario" time="50.462" classname="RunMapTest.RunLugaresDeInteresLayerVisualization"/>
</testsuite> <!-- RunMapTest.RunLugaresDeInteresLayerVisualization -->
