<?xml version="1.0" encoding="UTF-8"?>
<!-- Generated by org.testng.reporters.JUnitReportReporter -->
<testsuite name="RunMapTest.RunElementsWithoutData" tests="1" time="60.445" ignored="0" failures="0" timestamp="20 ago 2020 18:39:42 GMT" skipped="0" hostname="DESKTOP-V05VKJF" errors="0">
  <testcase name="runScenario" time="60.445" classname="RunMapTest.RunElementsWithoutData"/>
</testsuite> <!-- RunMapTest.RunElementsWithoutData -->
