<?xml version="1.0" encoding="UTF-8"?>
<!-- Generated by org.testng.reporters.JUnitReportReporter -->
<testsuite name="RunMapTest.RunOpenLayerControlMenu" tests="1" time="30.412" ignored="0" failures="0" timestamp="20 ago 2020 18:33:30 GMT" skipped="0" hostname="DESKTOP-V05VKJF" errors="0">
  <testcase name="runScenario" time="30.412" classname="RunMapTest.RunOpenLayerControlMenu"/>
</testsuite> <!-- RunMapTest.RunOpenLayerControlMenu -->
