<?xml version="1.0" encoding="UTF-8"?>
<!-- Generated by org.testng.reporters.JUnitReportReporter -->
<testsuite name="RunMapTest.RunTrasladosPorAlcaldiaArcosViewLayer" tests="1" time="35.542" ignored="0" failures="0" timestamp="04 sep 2020 17:40:03 GMT" skipped="0" hostname="DESKTOP-V05VKJF" errors="0">
  <testcase name="runScenario" time="35.542" classname="RunMapTest.RunTrasladosPorAlcaldiaArcosViewLayer"/>
</testsuite> <!-- RunMapTest.RunTrasladosPorAlcaldiaArcosViewLayer -->
