<?xml version="1.0" encoding="UTF-8"?>
<!-- Generated by org.testng.reporters.JUnitReportReporter -->
<testsuite name="RunMapTest.RunViewHospitalDetails" tests="1" time="43.618" ignored="0" failures="0" timestamp="01 sep 2020 16:44:19 GMT" skipped="0" hostname="DESKTOP-V05VKJF" errors="0">
  <testcase name="runScenario" time="43.618" classname="RunMapTest.RunViewHospitalDetails"/>
</testsuite> <!-- RunMapTest.RunViewHospitalDetails -->
