<?xml version="1.0" encoding="UTF-8"?>
<!-- Generated by org.testng.reporters.JUnitReportReporter -->
<testsuite name="RunBasicTest.RunBasicTest" tests="1" time="30.705" ignored="0" failures="0" timestamp="14 ago 2020 15:02:02 GMT" skipped="0" hostname="DESKTOP-V05VKJF" errors="0">
  <testcase name="runScenario" time="30.705" classname="RunBasicTest.RunBasicTest"/>
</testsuite> <!-- RunBasicTest.RunBasicTest -->
