<?xml version="1.0" encoding="UTF-8"?>
<!-- Generated by org.testng.reporters.JUnitReportReporter -->
<testsuite name="RunMapTest.RunGeographyLayerDisplayedInMap" tests="1" time="70.699" ignored="0" failures="0" timestamp="02 sep 2020 17:09:40 GMT" skipped="0" hostname="DESKTOP-V05VKJF" errors="0">
  <testcase name="runScenario" time="70.699" classname="RunMapTest.RunGeographyLayerDisplayedInMap"/>
</testsuite> <!-- RunMapTest.RunGeographyLayerDisplayedInMap -->
