<?xml version="1.0" encoding="UTF-8"?>
<!-- Generated by org.testng.reporters.JUnitReportReporter -->
<testsuite name="RunMapTest.RunViewHospitalDetails" tests="1" time="43.669" ignored="0" failures="0" timestamp="24 ago 2020 22:51:11 GMT" skipped="0" hostname="DESKTOP-V05VKJF" errors="0">
  <testcase name="runScenario" time="43.669" classname="RunMapTest.RunViewHospitalDetails"/>
</testsuite> <!-- RunMapTest.RunViewHospitalDetails -->
