<?xml version="1.0" encoding="UTF-8"?>
<!-- Generated by org.testng.reporters.JUnitReportReporter -->
<testsuite name="RunMapTest.RunElementsWithoutData" tests="1" time="53.319" ignored="0" failures="0" timestamp="31 ago 2020 22:58:05 GMT" skipped="0" hostname="DESKTOP-V05VKJF" errors="0">
  <testcase name="runScenario" time="53.319" classname="RunMapTest.RunElementsWithoutData"/>
</testsuite> <!-- RunMapTest.RunElementsWithoutData -->
