<?xml version="1.0" encoding="UTF-8"?>
<!-- Generated by org.testng.reporters.JUnitReportReporter -->
<testsuite name="RunMapTest.RunLugaresDeInteresLayerGroupVisualizationOneByOne" tests="1" time="59.241" ignored="0" failures="0" timestamp="31 ago 2020 22:08:35 GMT" skipped="0" hostname="DESKTOP-V05VKJF" errors="0">
  <testcase name="runScenario" time="59.241" classname="RunMapTest.RunLugaresDeInteresLayerGroupVisualizationOneByOne"/>
</testsuite> <!-- RunMapTest.RunLugaresDeInteresLayerGroupVisualizationOneByOne -->
