<?xml version="1.0" encoding="UTF-8"?>
<!-- Generated by org.testng.reporters.JUnitReportReporter -->
<testsuite name="RunMapTest.RunCovid19XAlcalidaViewLayer" tests="1" time="35.665" ignored="0" failures="0" timestamp="04 sep 2020 17:57:39 GMT" skipped="0" hostname="DESKTOP-V05VKJF" errors="0">
  <testcase name="runScenario" time="35.665" classname="RunMapTest.RunCovid19XAlcalidaViewLayer"/>
</testsuite> <!-- RunMapTest.RunCovid19XAlcalidaViewLayer -->
