<?xml version="1.0" encoding="UTF-8"?>
<!-- Generated by org.testng.reporters.JUnitReportReporter -->
<testsuite name="RunMapTest.RunLugaresDeInteresLayerVisualization" tests="1" time="52.568" ignored="0" failures="0" timestamp="24 ago 2020 22:40:24 GMT" skipped="0" hostname="DESKTOP-V05VKJF" errors="0">
  <testcase name="runScenario" time="52.568" classname="RunMapTest.RunLugaresDeInteresLayerVisualization"/>
</testsuite> <!-- RunMapTest.RunLugaresDeInteresLayerVisualization -->
