<?xml version="1.0" encoding="UTF-8"?>
<!-- Generated by org.testng.reporters.JUnitReportReporter -->
<testsuite name="RunMapTest.RunViewHospitalMenuDetails" tests="1" time="40.816" ignored="0" failures="0" timestamp="24 ago 2020 22:52:43 GMT" skipped="0" hostname="DESKTOP-V05VKJF" errors="0">
  <testcase name="runScenario" time="40.816" classname="RunMapTest.RunViewHospitalMenuDetails"/>
</testsuite> <!-- RunMapTest.RunViewHospitalMenuDetails -->
