<?xml version="1.0" encoding="UTF-8"?>
<!-- Generated by org.testng.reporters.JUnitReportReporter -->
<testsuite name="RunBasicTest.RunLoginCrisis" tests="1" time="43.279" ignored="0" failures="0" timestamp="24 ago 2020 22:29:51 GMT" skipped="0" hostname="DESKTOP-V05VKJF" errors="0">
  <testcase name="runScenario" time="43.279" classname="RunBasicTest.RunLoginCrisis"/>
</testsuite> <!-- RunBasicTest.RunLoginCrisis -->
