<?xml version="1.0" encoding="UTF-8"?>
<!-- Generated by org.testng.reporters.JUnitReportReporter -->
<testsuite name="utils.RunBasicTest" tests="1" time="44.791" ignored="0" failures="0" timestamp="14 ago 2020 03:58:10 GMT" skipped="0" hostname="DESKTOP-V05VKJF" errors="0">
  <testcase name="runScenario" time="44.791" classname="utils.RunBasicTest"/>
</testsuite> <!-- utils.RunBasicTest -->
