<?xml version="1.0" encoding="UTF-8"?>
<!-- Generated by org.testng.reporters.JUnitReportReporter -->
<testsuite name="RunMapTest.RunResetInicialPositionMap" tests="1" time="53.172" ignored="0" failures="0" timestamp="21 ago 2020 00:58:20 GMT" skipped="0" hostname="DESKTOP-V05VKJF" errors="0">
  <testcase name="runScenario" time="53.172" classname="RunMapTest.RunResetInicialPositionMap"/>
</testsuite> <!-- RunMapTest.RunResetInicialPositionMap -->
