<?xml version="1.0" encoding="UTF-8"?>
<!-- Generated by org.testng.reporters.JUnitReportReporter -->
<testsuite name="RunMapTest.RunOpenLayerControlMenu" tests="1" time="43.556" ignored="0" failures="0" timestamp="24 ago 2020 22:42:15 GMT" skipped="0" hostname="DESKTOP-V05VKJF" errors="0">
  <testcase name="runScenario" time="43.556" classname="RunMapTest.RunOpenLayerControlMenu"/>
</testsuite> <!-- RunMapTest.RunOpenLayerControlMenu -->
