<?xml version="1.0" encoding="UTF-8"?>
<!-- Generated by org.testng.reporters.JUnitReportReporter -->
<testsuite name="RunBasicTest.RunLoginCrisis" tests="1" time="26.507" ignored="0" failures="0" timestamp="14 ago 2020 16:22:20 GMT" skipped="0" hostname="DESKTOP-V05VKJF" errors="0">
  <testcase name="runScenario" time="26.507" classname="RunBasicTest.RunLoginCrisis"/>
</testsuite> <!-- RunBasicTest.RunLoginCrisis -->
