<?xml version="1.0" encoding="UTF-8"?>
<!-- Generated by org.testng.reporters.JUnitReportReporter -->
<testsuite name="RunMapTest.RunViewHospitalMenuDetails" tests="1" time="44.076" ignored="0" failures="0" timestamp="02 sep 2020 20:43:23 GMT" skipped="0" hostname="DESKTOP-V05VKJF" errors="0">
  <testcase name="runScenario" time="44.076" classname="RunMapTest.RunViewHospitalMenuDetails"/>
</testsuite> <!-- RunMapTest.RunViewHospitalMenuDetails -->
