<?xml version="1.0" encoding="UTF-8"?>
<!-- Generated by org.testng.reporters.JUnitReportReporter -->
<testsuite name="RunMapTest.RunResetInitialOrientationMap" tests="1" time="47.644" ignored="0" failures="0" timestamp="24 ago 2020 22:50:11 GMT" skipped="0" hostname="DESKTOP-V05VKJF" errors="0">
  <testcase name="runScenario" time="47.644" classname="RunMapTest.RunResetInitialOrientationMap"/>
</testsuite> <!-- RunMapTest.RunResetInitialOrientationMap -->
