<?xml version="1.0" encoding="UTF-8"?>
<!-- Generated by org.testng.reporters.JUnitReportReporter -->
<testsuite name="RunMapTest.RunAccedentesVialesGridView" tests="1" time="35.414" ignored="0" failures="0" timestamp="04 sep 2020 21:08:18 GMT" skipped="0" hostname="DESKTOP-V05VKJF" errors="0">
  <testcase name="runScenario" time="35.414" classname="RunMapTest.RunAccedentesVialesGridView"/>
</testsuite> <!-- RunMapTest.RunAccedentesVialesGridView -->
