<?xml version="1.0" encoding="UTF-8"?>
<!-- Generated by org.testng.reporters.JUnitReportReporter -->
<testsuite name="RunMapTest.RunElementsWithoutData" tests="1" time="46.410" ignored="0" failures="0" timestamp="31 ago 2020 20:32:16 GMT" skipped="0" hostname="DESKTOP-V05VKJF" errors="0">
  <testcase name="runScenario" time="46.410" classname="RunMapTest.RunElementsWithoutData"/>
</testsuite> <!-- RunMapTest.RunElementsWithoutData -->
