<?xml version="1.0" encoding="UTF-8"?>
<!-- Generated by org.testng.reporters.JUnitReportReporter -->
<testsuite name="RunMapTest.RunTrasladosPorAlcaldiaViewLayer" tests="1" time="34.735" ignored="0" failures="0" timestamp="04 sep 2020 17:30:01 GMT" skipped="0" hostname="DESKTOP-V05VKJF" errors="0">
  <testcase name="runScenario" time="34.735" classname="RunMapTest.RunTrasladosPorAlcaldiaViewLayer"/>
</testsuite> <!-- RunMapTest.RunTrasladosPorAlcaldiaViewLayer -->
