<?xml version="1.0" encoding="UTF-8"?>
<!-- Generated by org.testng.reporters.JUnitReportReporter -->
<testsuite name="RunMapTest.RunOpenLayerControlMenu" tests="1" time="32.598" ignored="0" failures="0" timestamp="01 sep 2020 14:41:34 GMT" skipped="0" hostname="DESKTOP-V05VKJF" errors="0">
  <testcase name="runScenario" time="32.598" classname="RunMapTest.RunOpenLayerControlMenu"/>
</testsuite> <!-- RunMapTest.RunOpenLayerControlMenu -->
