<?xml version="1.0" encoding="UTF-8"?>
<!-- Generated by org.testng.reporters.JUnitReportReporter -->
<testsuite name="RunMapTest.RunLugaresDeInteresLayerVisualization" tests="1" time="35.813" ignored="0" failures="0" timestamp="01 sep 2020 14:36:02 GMT" skipped="0" hostname="DESKTOP-V05VKJF" errors="0">
  <testcase name="runScenario" time="35.813" classname="RunMapTest.RunLugaresDeInteresLayerVisualization"/>
</testsuite> <!-- RunMapTest.RunLugaresDeInteresLayerVisualization -->
