<?xml version="1.0" encoding="UTF-8"?>
<!-- Generated by org.testng.reporters.JUnitReportReporter -->
<testsuite name="RunMapTest.RunResetInicialPositionMap" tests="1" time="38.658" ignored="0" failures="0" timestamp="24 ago 2020 22:48:53 GMT" skipped="0" hostname="DESKTOP-V05VKJF" errors="0">
  <testcase name="runScenario" time="38.658" classname="RunMapTest.RunResetInicialPositionMap"/>
</testsuite> <!-- RunMapTest.RunResetInicialPositionMap -->
