<?xml version="1.0" encoding="UTF-8"?>
<!-- Generated by org.testng.reporters.JUnitReportReporter -->
<testsuite name="RunMapTest.RunElementsWithoutData" tests="1" time="39.637" ignored="0" failures="0" timestamp="28 ago 2020 16:45:50 GMT" skipped="0" hostname="DESKTOP-V05VKJF" errors="0">
  <testcase name="runScenario" time="39.637" classname="RunMapTest.RunElementsWithoutData"/>
</testsuite> <!-- RunMapTest.RunElementsWithoutData -->
