<?xml version="1.0" encoding="UTF-8"?>
<!-- Generated by org.testng.reporters.JUnitReportReporter -->
<testsuite name="RunMapTest.RunLugaresDeInteresLayerGroupVisualizationOneByOne" tests="1" time="40.322" ignored="0" failures="0" timestamp="01 sep 2020 21:44:02 GMT" skipped="0" hostname="DESKTOP-V05VKJF" errors="0">
  <testcase name="runScenario" time="40.322" classname="RunMapTest.RunLugaresDeInteresLayerGroupVisualizationOneByOne"/>
</testsuite> <!-- RunMapTest.RunLugaresDeInteresLayerGroupVisualizationOneByOne -->
