<?xml version="1.0" encoding="UTF-8"?>
<!-- Generated by org.testng.reporters.JUnitReportReporter -->
<testsuite name="RunMapTest.RunLugaresDeInteresLayerGroupVisualizationOneByOne" tests="1" time="26.371" ignored="0" failures="0" timestamp="27 ago 2020 23:28:18 GMT" skipped="0" hostname="DESKTOP-V05VKJF" errors="1">
  <testcase name="runScenario" time="26.371" classname="RunMapTest.RunLugaresDeInteresLayerGroupVisualizationOneByOne">
    <error type="org.openqa.selenium.NoSuchWindowException" message="no such window: target window already closed
from unknown error: web view not found
  (Session info: chrome=84.0.4147.135)
Build info: version: &#039;3.141.59&#039;, revision: &#039;e82be7d358&#039;, time: &#039;2018-11-14T08:17:03&#039;
System info: host: &#039;DESKTOP-V05VKJF&#039;, ip: &#039;10.212.134.200&#039;, os.name: &#039;Windows 10&#039;, os.arch: &#039;amd64&#039;, os.version: &#039;10.0&#039;, java.version: &#039;1.8.0_251&#039;
Driver info: org.openqa.selenium.chrome.ChromeDriver
Capabilities {acceptInsecureCerts: false, browserName: chrome, browserVersion: 84.0.4147.135, chrome: {chromedriverVersion: 84.0.4147.30 (48b3e868b4cc0..., userDataDir: C:\Users\ALBERT~1\AppData\L...}, goog:chromeOptions: {debuggerAddress: localhost:53173}, javascriptEnabled: true, networkConnectionEnabled: false, pageLoadStrategy: normal, platform: WINDOWS, platformName: WINDOWS, proxy: Proxy(), setWindowRect: true, strictFileInteractability: false, timeouts: {implicit: 0, pageLoad: 300000, script: 30000}, unhandledPromptBehavior: dismiss and notify, webauthn:virtualAuthenticators: true}
Session ID: 01aa39aeaf7369a91f918bb6bd0c898c
*** Element info: {Using=xpath, value=/html/body/sdp-root/sdp-crisis-page/div/mat-sidenav-container/mat-sidenav-content/div/sdp-crisis-map/div[@class=&#039;container&#039;]/div[@class=&#039;version&#039;]}">
      <![CDATA[org.openqa.selenium.NoSuchWindowException: no such window: target window already closed
from unknown error: web view not found
  (Session info: chrome=84.0.4147.135)
Build info: version: '3.141.59', revision: 'e82be7d358', time: '2018-11-14T08:17:03'
System info: host: 'DESKTOP-V05VKJF', ip: '10.212.134.200', os.name: 'Windows 10', os.arch: 'amd64', os.version: '10.0', java.version: '1.8.0_251'
Driver info: org.openqa.selenium.chrome.ChromeDriver
Capabilities {acceptInsecureCerts: false, browserName: chrome, browserVersion: 84.0.4147.135, chrome: {chromedriverVersion: 84.0.4147.30 (48b3e868b4cc0..., userDataDir: C:\Users\ALBERT~1\AppData\L...}, goog:chromeOptions: {debuggerAddress: localhost:53173}, javascriptEnabled: true, networkConnectionEnabled: false, pageLoadStrategy: normal, platform: WINDOWS, platformName: WINDOWS, proxy: Proxy(), setWindowRect: true, strictFileInteractability: false, timeouts: {implicit: 0, pageLoad: 300000, script: 30000}, unhandledPromptBehavior: dismiss and notify, webauthn:virtualAuthenticators: true}
Session ID: 01aa39aeaf7369a91f918bb6bd0c898c
*** Element info: {Using=xpath, value=/html/body/sdp-root/sdp-crisis-page/div/mat-sidenav-container/mat-sidenav-content/div/sdp-crisis-map/div[@class='container']/div[@class='version']}
	at sun.reflect.NativeConstructorAccessorImpl.newInstance0(Native Method)
	at sun.reflect.NativeConstructorAccessorImpl.newInstance(Unknown Source)
	at sun.reflect.DelegatingConstructorAccessorImpl.newInstance(Unknown Source)
	at java.lang.reflect.Constructor.newInstance(Unknown Source)
	at org.openqa.selenium.remote.http.W3CHttpResponseCodec.createException(W3CHttpResponseCodec.java:187)
	at org.openqa.selenium.remote.http.W3CHttpResponseCodec.decode(W3CHttpResponseCodec.java:122)
	at org.openqa.selenium.remote.http.W3CHttpResponseCodec.decode(W3CHttpResponseCodec.java:49)
	at org.openqa.selenium.remote.HttpCommandExecutor.execute(HttpCommandExecutor.java:158)
	at org.openqa.selenium.remote.service.DriverCommandExecutor.execute(DriverCommandExecutor.java:83)
	at org.openqa.selenium.remote.RemoteWebDriver.execute(RemoteWebDriver.java:552)
	at org.openqa.selenium.remote.RemoteWebDriver.findElement(RemoteWebDriver.java:323)
	at org.openqa.selenium.remote.RemoteWebDriver.findElementByXPath(RemoteWebDriver.java:428)
	at org.openqa.selenium.By$ByXPath.findElement(By.java:353)
	at org.openqa.selenium.remote.RemoteWebDriver.findElement(RemoteWebDriver.java:315)
	at map.LugaresDeInteresLayerGroupVisualizationOneByOne.crisisOpenMainPage(LugaresDeInteresLayerGroupVisualizationOneByOne.java:39)
	at âœ½.The crisis main page map is displayed(file:///C:/Users/Alberto_PC/git/repository/crisisManagementSystem/src/test/resources/MapFeatures/lugares%20_de_interes_LayerGroupVisualizationOneByOne.feature:6)
]]>
    </error>
  </testcase> <!-- runScenario -->
</testsuite> <!-- RunMapTest.RunLugaresDeInteresLayerGroupVisualizationOneByOne -->
