<?xml version="1.0" encoding="UTF-8"?>
<!-- Generated by org.testng.reporters.JUnitReportReporter -->
<testsuite name="RunMapTest.RunLugaresDeInteresLayerGroupVisualizationOneByOne" tests="1" time="41.896" ignored="0" failures="0" timestamp="07 sep 2020 20:47:43 GMT" skipped="0" hostname="DESKTOP-V05VKJF" errors="0">
  <testcase name="runScenario" time="41.896" classname="RunMapTest.RunLugaresDeInteresLayerGroupVisualizationOneByOne"/>
</testsuite> <!-- RunMapTest.RunLugaresDeInteresLayerGroupVisualizationOneByOne -->
