<?xml version="1.0" encoding="UTF-8"?>
<!-- Generated by org.testng.reporters.JUnitReportReporter -->
<testsuite name="test.MapTestSuite" tests="8" time="303.080" ignored="0" failures="0" timestamp="02 sep 2020 00:21:42 GMT" skipped="0" hostname="DESKTOP-V05VKJF" errors="0">
  <testcase name="LugaresDeInteresLayerVisualization" time="35.502" classname="test.MapTestSuite"/>
  <testcase name="ElementsWithoutData" time="38.603" classname="test.MapTestSuite"/>
  <testcase name="ViewHospitalDetails" time="36.642" classname="test.MapTestSuite"/>
  <testcase name="ResetInicialPositionMap" time="39.894" classname="test.MapTestSuite"/>
  <testcase name="viewHospitalMenuDetails" time="34.929" classname="test.MapTestSuite"/>
  <testcase name="ResetInitialOrientationMap" time="42.423" classname="test.MapTestSuite"/>
  <testcase name="LugaresDeInteresLayerGroupVisualizationOneByOne" time="39.651" classname="test.MapTestSuite"/>
  <testcase name="OpenLayerControlMenu" time="35.436" classname="test.MapTestSuite"/>
</testsuite> <!-- test.MapTestSuite -->
